
> ttcs@0.1.0 start /root/ThucTapCoSo
> react-scripts start

[34mℹ[39m [90m｢wds｣[39m: Project is running at http://10.128.0.2/
[34mℹ[39m [90m｢wds｣[39m: webpack output is served from /
[34mℹ[39m [90m｢wds｣[39m: Content not from webpack is served from /root/ThucTapCoSo/public
[34mℹ[39m [90m｢wds｣[39m: 404s will fallback to /index.html
Starting the development server...

Compiled successfully!

You can now view ttcs in the browser.

  Local:            http://localhost:3000/
  On Your Network:  http://10.128.0.2:3000/

Note that the development build is not optimized.
To create a production build, use yarn build.


> ttcs@0.1.0 start /root/ThucTapCoSo
> react-scripts start

Something is already running on port 3000.
Compiling...
Failed to compile.

./src/page/traveler/graphCity.js
Module not found: Can't resolve '@vx/network' in '/root/ThucTapCoSo/src/page/traveler'
Compiling...
Failed to compile.

./src/page/traveler/graphCity.js
Module not found: Can't resolve '@vx/network' in '/root/ThucTapCoSo/src/page/traveler'
Compiling...
Compiled successfully!
Compiling...
Compiled with warnings.

./src/page/expressionZero/index.js
  Line 2:31:  'Modal' is defined but never used  no-unused-vars

Search for the keywords to learn more about each warning.
To ignore, add // eslint-disable-next-line to the line before.

Compiling...
Compiled with warnings.

./src/page/expressionZero/index.js
  Line 2:31:  'Modal' is defined but never used  no-unused-vars

Search for the keywords to learn more about each warning.
To ignore, add // eslint-disable-next-line to the line before.

The build failed because the process exited too early. This probably means the system ran out of memory or someone called `kill -9` on the process.
npm ERR! code ELIFECYCLE
npm ERR! errno 1
npm ERR! ttcs@0.1.0 start: `react-scripts start`
npm ERR! Exit status 1
npm ERR! 
npm ERR! Failed at the ttcs@0.1.0 start script.
npm ERR! This is probably not a problem with npm. There is likely additional logging output above.

npm ERR! A complete log of this run can be found in:
npm ERR!     /root/.npm/_logs/2019-12-28T15_59_18_039Z-debug.log
